[debug] [2021-05-18T09:08:23.477Z] ----------------------------------------------------------------------
[debug] [2021-05-18T09:08:23.479Z] Command:       C:\Program Files\nodejs\node.exe C:\Users\dito\AppData\Roaming\npm\node_modules\firebase-tools\lib\bin\firebase.js emulators:start
[debug] [2021-05-18T09:08:23.479Z] CLI Version:   9.9.0
[debug] [2021-05-18T09:08:23.479Z] Platform:      win32
[debug] [2021-05-18T09:08:23.479Z] Node Version:  v14.16.1
[debug] [2021-05-18T09:08:23.480Z] Time:          Tue May 18 2021 02:08:23 GMT-0700 (Pacific Daylight Time)
[debug] [2021-05-18T09:08:23.480Z] ----------------------------------------------------------------------
[debug] 
[debug] [2021-05-18T09:08:23.486Z] > command requires scopes: ["email","openid","https://www.googleapis.com/auth/cloudplatformprojects.readonly","https://www.googleapis.com/auth/firebase","https://www.googleapis.com/auth/cloud-platform"]
[debug] [2021-05-18T09:08:23.487Z] > authorizing via signed-in user (ditokapanadze111@gmail.com)
[info] i  emulators: Starting emulators: functions, hosting {"metadata":{"emulator":{"name":"hub"},"message":"Starting emulators: functions, hosting"}}
[debug] [2021-05-18T09:08:23.506Z] [hub] writing locator at C:\Users\dito\AppData\Local\Temp\hub-clone-8b47f.json
[warn] !  functions: The following emulators are not running, calls to these services from the Functions emulator will affect production: auth, firestore, database, pubsub {"metadata":{"emulator":{"name":"functions"},"message":"The following emulators are not running, calls to these services from the Functions emulator will affect production: \u001b[1mauth, firestore, database, pubsub\u001b[22m"}}
[warn] !  Your requested "node" version "12" doesn't match your global version "14" {"metadata":{"emulator":{"name":"functions"},"message":"Your requested \"node\" version \"12\" doesn't match your global version \"14\""}}
[debug] [2021-05-18T09:08:23.536Z] defaultcredentials: writing to file C:\Users\dito\AppData\Roaming\firebase\ditokapanadze111_gmail_com_application_default_credentials.json
[debug] [2021-05-18T09:08:23.538Z] Setting GAC to C:\Users\dito\AppData\Roaming\firebase\ditokapanadze111_gmail_com_application_default_credentials.json {"metadata":{"emulator":{"name":"functions"},"message":"Setting GAC to C:\\Users\\dito\\AppData\\Roaming\\firebase\\ditokapanadze111_gmail_com_application_default_credentials.json"}}
[debug] [2021-05-18T09:08:23.539Z] >>> [apiv2][query] GET https://firebase.googleapis.com/v1beta1/projects/clone-8b47f/adminSdkConfig [none]
[debug] [2021-05-18T09:08:24.069Z] <<< [apiv2][status] GET https://firebase.googleapis.com/v1beta1/projects/clone-8b47f/adminSdkConfig 200
[debug] [2021-05-18T09:08:24.069Z] <<< [apiv2][body] GET https://firebase.googleapis.com/v1beta1/projects/clone-8b47f/adminSdkConfig {"projectId":"clone-8b47f","storageBucket":"clone-8b47f.appspot.com"}
[debug] [2021-05-18T09:08:24.084Z] >>> [apiv2][query] GET https://firebase.googleapis.com/v1beta1/projects/clone-8b47f/webApps/-/config [none]
[debug] [2021-05-18T09:08:24.990Z] <<< [apiv2][status] GET https://firebase.googleapis.com/v1beta1/projects/clone-8b47f/webApps/-/config 200
[debug] [2021-05-18T09:08:24.990Z] <<< [apiv2][body] GET https://firebase.googleapis.com/v1beta1/projects/clone-8b47f/webApps/-/config {"projectId":"clone-8b47f","appId":"1:416338121243:web:2b142a721c00a607ab5ebe","storageBucket":"clone-8b47f.appspot.com","apiKey":"AIzaSyC7rHNk5i1oZg1WoM3vIBJib_Rl86OtgiY","authDomain":"clone-8b47f.firebaseapp.com","messagingSenderId":"416338121243","measurementId":"G-PR740ZV3DN"}
[info] i  hosting: Serving hosting files from: build {"metadata":{"emulator":{"name":"hosting"},"message":"Serving hosting files from: \u001b[1mbuild\u001b[22m"}}
[info] +  hosting: Local server: http://localhost:5000 {"metadata":{"emulator":{"name":"hosting"},"message":"Local server: \u001b[4m\u001b[1mhttp://localhost:5000\u001b[22m\u001b[24m"}}
[debug] [2021-05-18T09:08:25.021Z] Ignoring unsupported arg: auto_download {"metadata":{"emulator":{"name":"ui"},"message":"Ignoring unsupported arg: auto_download"}}
[debug] [2021-05-18T09:08:25.022Z] Ignoring unsupported arg: port {"metadata":{"emulator":{"name":"ui"},"message":"Ignoring unsupported arg: port"}}
[debug] [2021-05-18T09:08:25.022Z] Starting Emulator UI with command {"binary":"node","args":["C:\\Users\\dito\\.cache\\firebase\\emulators\\ui-v1.4.2\\server.bundle.js"],"optionalArgs":[],"joinArgs":false} {"metadata":{"emulator":{"name":"ui"},"message":"Starting Emulator UI with command {\"binary\":\"node\",\"args\":[\"C:\\\\Users\\\\dito\\\\.cache\\\\firebase\\\\emulators\\\\ui-v1.4.2\\\\server.bundle.js\"],\"optionalArgs\":[],\"joinArgs\":false}"}}
[info] i  ui: Emulator UI logging to ui-debug.log {"metadata":{"emulator":{"name":"ui"},"message":"Emulator UI logging to \u001b[1mui-debug.log\u001b[22m"}}
[debug] [2021-05-18T09:08:25.132Z] Web / API server started at http://localhost:4000
 {"metadata":{"emulator":{"name":"ui"},"message":"Web / API server started at http://localhost:4000\n"}}
[info] i  functions: Watching "D:\kodebi\react apps\amazon\amazon\functions" for Cloud Functions... {"metadata":{"emulator":{"name":"functions"},"message":"Watching \"D:\\kodebi\\react apps\\amazon\\amazon\\functions\" for Cloud Functions..."}}
[debug] [2021-05-18T09:08:25.319Z] [worker-pool] addWorker(~diagnostic~) {"metadata":{"emulator":{"name":"functions"},"message":"[worker-pool] addWorker(~diagnostic~)"}}
[debug] [2021-05-18T09:08:25.319Z] [worker-pool] Adding worker with key ~diagnostic~, total=1 {"metadata":{"emulator":{"name":"functions"},"message":"[worker-pool] Adding worker with key ~diagnostic~, total=1"}}
[debug] [2021-05-18T09:08:25.319Z] [worker-pool] submitWork(triggerId=) {"metadata":{"emulator":{"name":"functions"},"message":"[worker-pool] submitWork(triggerId=)"}}
[debug] [2021-05-18T09:08:25.319Z] [worker-~diagnostic~-424e74fe-241d-44a5-b030-242acbb052b3]: Assigning socketPath: \\?\pipe\D:\kodebi\react apps\amazon\amazon\functions\9204 {"metadata":{"emulator":{"name":"functions"},"message":"[worker-~diagnostic~-424e74fe-241d-44a5-b030-242acbb052b3]: Assigning socketPath: \\\\?\\pipe\\D:\\kodebi\\react apps\\amazon\\amazon\\functions\\9204"}}
[debug] [2021-05-18T09:08:25.320Z] [worker-~diagnostic~-424e74fe-241d-44a5-b030-242acbb052b3]: BUSY {"metadata":{"emulator":{"name":"functions"},"message":"[worker-~diagnostic~-424e74fe-241d-44a5-b030-242acbb052b3]: BUSY"}}
